2025-10-28 20:27 LISTA: SQLSTATE[42S22]: Column not found: 1054 Unknown column 'CodConceptoNoRem' in 'field list'
2025-10-28 20:27 LISTA: SQLSTATE[42S22]: Column not found: 1054 Unknown column 'CodConceptoNoRem' in 'field list'
2025-10-28 20:27 LISTA: SQLSTATE[42S22]: Column not found: 1054 Unknown column 'CodConceptoNoRem' in 'field list'
2025-10-28 20:27 LISTA: SQLSTATE[42S22]: Column not found: 1054 Unknown column 'CodConceptoNoRem' in 'field list'
2025-10-28 20:27 LISTA: SQLSTATE[42S22]: Column not found: 1054 Unknown column 'CodConceptoNoRem' in 'field list'
2025-10-28 20:27 LISTA: SQLSTATE[42S22]: Column not found: 1054 Unknown column 'CodConceptoNoRem' in 'field list'
2025-10-28 20:27 LISTA: SQLSTATE[42S22]: Column not found: 1054 Unknown column 'CodConceptoNoRem' in 'field list'
2025-10-28 20:32 LISTA: SQLSTATE[42S22]: Column not found: 1054 Unknown column 'CodConceptoNoRem' in 'field list'
2025-10-28 20:32 LISTA: SQLSTATE[42S22]: Column not found: 1054 Unknown column 'CodConceptoNoRem' in 'field list'
2025-10-28 20:32 LISTA: SQLSTATE[42S22]: Column not found: 1054 Unknown column 'CodConceptoNoRem' in 'field list'
[28-Oct-2025 20:55:12 Europe/Berlin] PHP Warning:  Undefined variable $host in C:\xampp\htdocs\ejercicios\Php\EjerABM\salidaJsonConceptos.php on line 14
[28-Oct-2025 20:55:12 Europe/Berlin] PHP Warning:  Undefined variable $dbname in C:\xampp\htdocs\ejercicios\Php\EjerABM\salidaJsonConceptos.php on line 14
[28-Oct-2025 20:55:12 Europe/Berlin] PHP Warning:  Undefined variable $charset in C:\xampp\htdocs\ejercicios\Php\EjerABM\salidaJsonConceptos.php on line 14
[28-Oct-2025 20:55:12 Europe/Berlin] PHP Warning:  Undefined variable $user in C:\xampp\htdocs\ejercicios\Php\EjerABM\salidaJsonConceptos.php on line 15
[28-Oct-2025 20:55:12 Europe/Berlin] PHP Warning:  Undefined variable $password in C:\xampp\htdocs\ejercicios\Php\EjerABM\salidaJsonConceptos.php on line 15
2025-10-28 20:55:12 CONCEPTOS: SQLSTATE[HY000] [2019] Unknown character set
2025-10-28 20:55 PDF: SQLSTATE[HY000] [2019] Unknown character set
[28-Oct-2025 21:06:52 Europe/Berlin] PHP Warning:  Undefined variable $host in C:\xampp\htdocs\ejercicios\Php\EjerABM\salidaJsonConceptos.php on line 14
[28-Oct-2025 21:06:52 Europe/Berlin] PHP Warning:  Undefined variable $dbname in C:\xampp\htdocs\ejercicios\Php\EjerABM\salidaJsonConceptos.php on line 14
[28-Oct-2025 21:06:52 Europe/Berlin] PHP Warning:  Undefined variable $charset in C:\xampp\htdocs\ejercicios\Php\EjerABM\salidaJsonConceptos.php on line 14
[28-Oct-2025 21:06:52 Europe/Berlin] PHP Warning:  Undefined variable $user in C:\xampp\htdocs\ejercicios\Php\EjerABM\salidaJsonConceptos.php on line 15
[28-Oct-2025 21:06:52 Europe/Berlin] PHP Warning:  Undefined variable $password in C:\xampp\htdocs\ejercicios\Php\EjerABM\salidaJsonConceptos.php on line 15
2025-10-28 21:06:52 CONCEPTOS: SQLSTATE[HY000] [2019] Unknown character set
[28-Oct-2025 21:11:57 Europe/Berlin] PHP Warning:  Undefined variable $host in C:\xampp\htdocs\ejercicios\Php\EjerABM\salidaJsonConceptos.php on line 14
[28-Oct-2025 21:11:57 Europe/Berlin] PHP Warning:  Undefined variable $dbname in C:\xampp\htdocs\ejercicios\Php\EjerABM\salidaJsonConceptos.php on line 14
[28-Oct-2025 21:11:57 Europe/Berlin] PHP Warning:  Undefined variable $charset in C:\xampp\htdocs\ejercicios\Php\EjerABM\salidaJsonConceptos.php on line 14
[28-Oct-2025 21:11:57 Europe/Berlin] PHP Warning:  Undefined variable $user in C:\xampp\htdocs\ejercicios\Php\EjerABM\salidaJsonConceptos.php on line 15
[28-Oct-2025 21:11:57 Europe/Berlin] PHP Warning:  Undefined variable $password in C:\xampp\htdocs\ejercicios\Php\EjerABM\salidaJsonConceptos.php on line 15
2025-10-28 21:11:57 CONCEPTOS: SQLSTATE[HY000] [2019] Unknown character set
[28-Oct-2025 21:21:17 Europe/Berlin] PHP Warning:  Undefined variable $host in C:\xampp\htdocs\ejercicios\Php\EjerABM\salidaJsonConceptos.php on line 14
[28-Oct-2025 21:21:17 Europe/Berlin] PHP Warning:  Undefined variable $dbname in C:\xampp\htdocs\ejercicios\Php\EjerABM\salidaJsonConceptos.php on line 14
[28-Oct-2025 21:21:17 Europe/Berlin] PHP Warning:  Undefined variable $charset in C:\xampp\htdocs\ejercicios\Php\EjerABM\salidaJsonConceptos.php on line 14
[28-Oct-2025 21:21:17 Europe/Berlin] PHP Warning:  Undefined variable $user in C:\xampp\htdocs\ejercicios\Php\EjerABM\salidaJsonConceptos.php on line 15
[28-Oct-2025 21:21:17 Europe/Berlin] PHP Warning:  Undefined variable $password in C:\xampp\htdocs\ejercicios\Php\EjerABM\salidaJsonConceptos.php on line 15
2025-10-28 21:21:17 CONCEPTOS: SQLSTATE[HY000] [2019] Unknown character set
[28-Oct-2025 21:21:59 Europe/Berlin] PHP Warning:  Undefined variable $host in C:\xampp\htdocs\ejercicios\Php\EjerABM\salidaJsonConceptos.php on line 14
[28-Oct-2025 21:21:59 Europe/Berlin] PHP Warning:  Undefined variable $dbname in C:\xampp\htdocs\ejercicios\Php\EjerABM\salidaJsonConceptos.php on line 14
[28-Oct-2025 21:21:59 Europe/Berlin] PHP Warning:  Undefined variable $charset in C:\xampp\htdocs\ejercicios\Php\EjerABM\salidaJsonConceptos.php on line 14
[28-Oct-2025 21:21:59 Europe/Berlin] PHP Warning:  Undefined variable $user in C:\xampp\htdocs\ejercicios\Php\EjerABM\salidaJsonConceptos.php on line 15
[28-Oct-2025 21:21:59 Europe/Berlin] PHP Warning:  Undefined variable $password in C:\xampp\htdocs\ejercicios\Php\EjerABM\salidaJsonConceptos.php on line 15
2025-10-28 21:21:59 CONCEPTOS: SQLSTATE[HY000] [2019] Unknown character set
[28-Oct-2025 21:30:37 Europe/Berlin] PHP Warning:  Undefined variable $host in C:\xampp\htdocs\ejercicios\Php\EjerABM\salidaJsonConceptos.php on line 14
[28-Oct-2025 21:30:37 Europe/Berlin] PHP Warning:  Undefined variable $dbname in C:\xampp\htdocs\ejercicios\Php\EjerABM\salidaJsonConceptos.php on line 14
[28-Oct-2025 21:30:37 Europe/Berlin] PHP Warning:  Undefined variable $charset in C:\xampp\htdocs\ejercicios\Php\EjerABM\salidaJsonConceptos.php on line 14
[28-Oct-2025 21:30:37 Europe/Berlin] PHP Warning:  Undefined variable $user in C:\xampp\htdocs\ejercicios\Php\EjerABM\salidaJsonConceptos.php on line 15
[28-Oct-2025 21:30:37 Europe/Berlin] PHP Warning:  Undefined variable $password in C:\xampp\htdocs\ejercicios\Php\EjerABM\salidaJsonConceptos.php on line 15
2025-10-28 21:30:37 CONCEPTOS: SQLSTATE[HY000] [2019] Unknown character set
[28-Oct-2025 21:30:41 Europe/Berlin] PHP Warning:  Undefined variable $host in C:\xampp\htdocs\ejercicios\Php\EjerABM\salidaJsonConceptos.php on line 14
[28-Oct-2025 21:30:41 Europe/Berlin] PHP Warning:  Undefined variable $dbname in C:\xampp\htdocs\ejercicios\Php\EjerABM\salidaJsonConceptos.php on line 14
[28-Oct-2025 21:30:41 Europe/Berlin] PHP Warning:  Undefined variable $charset in C:\xampp\htdocs\ejercicios\Php\EjerABM\salidaJsonConceptos.php on line 14
[28-Oct-2025 21:30:41 Europe/Berlin] PHP Warning:  Undefined variable $user in C:\xampp\htdocs\ejercicios\Php\EjerABM\salidaJsonConceptos.php on line 15
[28-Oct-2025 21:30:41 Europe/Berlin] PHP Warning:  Undefined variable $password in C:\xampp\htdocs\ejercicios\Php\EjerABM\salidaJsonConceptos.php on line 15
2025-10-28 21:30:41 CONCEPTOS: SQLSTATE[HY000] [2019] Unknown character set
[28-Oct-2025 21:35:35 Europe/Berlin] PHP Warning:  Undefined variable $host in C:\xampp\htdocs\ejercicios\Php\EjerABM\salidaJsonConceptos.php on line 14
[28-Oct-2025 21:35:35 Europe/Berlin] PHP Warning:  Undefined variable $dbname in C:\xampp\htdocs\ejercicios\Php\EjerABM\salidaJsonConceptos.php on line 14
[28-Oct-2025 21:35:35 Europe/Berlin] PHP Warning:  Undefined variable $charset in C:\xampp\htdocs\ejercicios\Php\EjerABM\salidaJsonConceptos.php on line 14
[28-Oct-2025 21:35:35 Europe/Berlin] PHP Warning:  Undefined variable $user in C:\xampp\htdocs\ejercicios\Php\EjerABM\salidaJsonConceptos.php on line 15
[28-Oct-2025 21:35:35 Europe/Berlin] PHP Warning:  Undefined variable $password in C:\xampp\htdocs\ejercicios\Php\EjerABM\salidaJsonConceptos.php on line 15
2025-10-28 21:35:35 CONCEPTOS: SQLSTATE[HY000] [2019] Unknown character set
